[debug] [2019-11-05T17:23:36.747Z] ----------------------------------------------------------------------
[debug] [2019-11-05T17:23:36.749Z] Command:       /Users/seth/.nvm/versions/node/v10.0.0/bin/node /Users/seth/.nvm/versions/node/v10.0.0/bin/firebase init
[debug] [2019-11-05T17:23:36.749Z] CLI Version:   7.6.2
[debug] [2019-11-05T17:23:36.749Z] Platform:      darwin
[debug] [2019-11-05T17:23:36.749Z] Node Version:  v10.0.0
[debug] [2019-11-05T17:23:36.749Z] Time:          Tue Nov 05 2019 12:23:36 GMT-0500 (EST)
[debug] [2019-11-05T17:23:36.749Z] ----------------------------------------------------------------------
[debug] [2019-11-05T17:23:36.750Z] 
[debug] [2019-11-05T17:23:36.755Z] > command requires scopes: ["email","openid","https://www.googleapis.com/auth/cloudplatformprojects.readonly","https://www.googleapis.com/auth/firebase","https://www.googleapis.com/auth/cloud-platform"]
[debug] [2019-11-05T17:23:36.755Z] > authorizing via signed-in user
[info] 
     ######## #### ########  ######## ########     ###     ######  ########
     ##        ##  ##     ## ##       ##     ##  ##   ##  ##       ##
     ######    ##  ########  ######   ########  #########  ######  ######
     ##        ##  ##    ##  ##       ##     ## ##     ##       ## ##
     ##       #### ##     ## ######## ########  ##     ##  ######  ########

You're about to initialize a Firebase project in this directory:

  /Users/seth/projects/shopify-store

[info] 
=== Project Setup
[info] 
[info] First, let's associate this project directory with a Firebase project.
[info] You can create multiple project aliases by running firebase use --add, 
[info] but for now we'll just set up a default project.
[info] 
[debug] [2019-11-05T17:23:45.207Z] > refreshing access token with scopes: ["email","https://www.googleapis.com/auth/cloud-platform","https://www.googleapis.com/auth/cloudplatformprojects.readonly","https://www.googleapis.com/auth/firebase","openid"]
[debug] [2019-11-05T17:23:45.208Z] >>> HTTP REQUEST POST https://www.googleapis.com/oauth2/v3/token  
 <request body omitted>
[debug] [2019-11-05T17:23:45.661Z] <<< HTTP RESPONSE 200
[debug] [2019-11-05T17:23:45.671Z] >>> HTTP REQUEST GET https://firebase.googleapis.com/v1beta1/projects?pageSize=100  
 
[debug] [2019-11-05T17:23:47.131Z] <<< HTTP RESPONSE 200
[info] i  Using project shopifystoreexample (shopifystoreexample)
[info] 
=== Database Setup
[info] 
[info] Firebase Realtime Database Rules allow you to define how your data should be
[info] structured and when your data can be read from and written to.
[info] 
[debug] [2019-11-05T17:23:54.115Z] >>> HTTP REQUEST GET https://shopifystoreexample.firebaseio.com/.settings/rules.json  
 
[debug] [2019-11-05T17:23:54.433Z] <<< HTTP RESPONSE 200
[debug] [2019-11-05T17:23:55.029Z] Error: EISDIR: illegal operation on a directory, open '/Users/seth/projects/shopify-store/src'
    at Object.fs.openSync (fs.js:545:3)
    at Object.fs.writeFileSync (fs.js:1275:33)
    at Config.writeProjectFile (/Users/seth/.nvm/versions/node/v10.0.0/lib/node_modules/firebase-tools/lib/config.js:179:8)
    at /Users/seth/.nvm/versions/node/v10.0.0/lib/node_modules/firebase-tools/lib/init/features/database.js:25:23
    at process._tickCallback (internal/process/next_tick.js:178:7)
[error] 
[error] Error: An unexpected error has occurred.
